25
0,"Channel.CSV"
1,"RadioIDList.CSV"
2,"Zone.CSV"
3,"ScanList.CSV"
4,"AnalogAddressBook.CSV"
5,"TalkGroups.CSV"
6,"PrefabricatedSMS.CSV"
7,"FM.CSV"
8,"ReceiveGroupCallList.CSV"
9,"5ToneEncode.CSV"
10,"2ToneEncode.CSV"
11,"DTMFEncode.CSV"
12,"HotKey_QuickCall.CSV"
13,"HotKey_State.CSV"
14,"HotKey_HotKey.CSV"
15,"DigitalContactList.CSV"
16,"AutoRepeaterOffsetFrequencys.CSV"
17,"RoamingChannel.CSV"
18,"RoamingZone.CSV"
19,"APRS.CSV"
20,"GPSRoaming.CSV"
21,"OptionalSetting.CSV"
22,"AlertTone.CSV"
23,"AESEncryptionCode.CSV"
24,"ARC4EncryptionCode.CSV"
